<?xml version="1.0" encoding="UTF-8"?>
<testsuite name="com.encora.movieapi.MovieApiApplicationTests" tests="1" skipped="0" failures="0" errors="0" timestamp="2022-12-16T17:32:24" hostname="LAPTOP-J2QPBRTP" time="0.093">
  <properties/>
  <testcase name="contextLoads()" classname="com.encora.movieapi.MovieApiApplicationTests" time="0.093"/>
  <system-out><![CDATA[11:32:16.603 [Test worker] DEBUG org.springframework.test.context.BootstrapUtils - Instantiating CacheAwareContextLoaderDelegate from class [org.springframework.test.context.cache.DefaultCacheAwareContextLoaderDelegate]
11:32:16.612 [Test worker] DEBUG org.springframework.test.context.BootstrapUtils - Instantiating BootstrapContext using constructor [public org.springframework.test.context.support.DefaultBootstrapContext(java.lang.Class,org.springframework.test.context.CacheAwareContextLoaderDelegate)]
11:32:16.638 [Test worker] DEBUG org.springframework.test.context.BootstrapUtils - Instantiating TestContextBootstrapper for test class [com.encora.movieapi.MovieApiApplicationTests] from class [org.springframework.boot.test.context.SpringBootTestContextBootstrapper]
11:32:16.646 [Test worker] INFO org.springframework.boot.test.context.SpringBootTestContextBootstrapper - Neither @ContextConfiguration nor @ContextHierarchy found for test class [com.encora.movieapi.MovieApiApplicationTests], using SpringBootContextLoader
11:32:16.649 [Test worker] DEBUG org.springframework.test.context.support.AbstractContextLoader - Did not detect default resource location for test class [com.encora.movieapi.MovieApiApplicationTests]: class path resource [com/encora/movieapi/MovieApiApplicationTests-context.xml] does not exist
11:32:16.650 [Test worker] DEBUG org.springframework.test.context.support.AbstractContextLoader - Did not detect default resource location for test class [com.encora.movieapi.MovieApiApplicationTests]: class path resource [com/encora/movieapi/MovieApiApplicationTestsContext.groovy] does not exist
11:32:16.650 [Test worker] INFO org.springframework.test.context.support.AbstractContextLoader - Could not detect default resource locations for test class [com.encora.movieapi.MovieApiApplicationTests]: no resource found for suffixes {-context.xml, Context.groovy}.
11:32:16.651 [Test worker] INFO org.springframework.test.context.support.AnnotationConfigContextLoaderUtils - Could not detect default configuration classes for test class [com.encora.movieapi.MovieApiApplicationTests]: MovieApiApplicationTests does not declare any static, non-private, non-final, nested classes annotated with @Configuration.
11:32:16.686 [Test worker] DEBUG org.springframework.test.context.support.ActiveProfilesUtils - Could not find an 'annotation declaring class' for annotation type [org.springframework.test.context.ActiveProfiles] and class [com.encora.movieapi.MovieApiApplicationTests]
11:32:16.733 [Test worker] DEBUG org.springframework.context.annotation.ClassPathScanningCandidateComponentProvider - Identified candidate component class: file [C:\Users\luism\OneDrive\Documentos\GitHub\POO-Cultists\MovieAPI\build\classes\java\main\com\encora\movieapi\MovieApiApplication.class]
11:32:16.734 [Test worker] INFO org.springframework.boot.test.context.SpringBootTestContextBootstrapper - Found @SpringBootConfiguration com.encora.movieapi.MovieApiApplication for test class com.encora.movieapi.MovieApiApplicationTests
11:32:16.813 [Test worker] DEBUG org.springframework.boot.test.context.SpringBootTestContextBootstrapper - @TestExecutionListeners is not present for class [com.encora.movieapi.MovieApiApplicationTests]: using defaults.
11:32:16.813 [Test worker] INFO org.springframework.boot.test.context.SpringBootTestContextBootstrapper - Loaded default TestExecutionListener class names from location [META-INF/spring.factories]: [org.springframework.boot.test.autoconfigure.restdocs.RestDocsTestExecutionListener, org.springframework.boot.test.autoconfigure.web.client.MockRestServiceServerResetTestExecutionListener, org.springframework.boot.test.autoconfigure.web.servlet.MockMvcPrintOnlyOnFailureTestExecutionListener, org.springframework.boot.test.autoconfigure.web.servlet.WebDriverTestExecutionListener, org.springframework.boot.test.autoconfigure.webservices.client.MockWebServiceServerTestExecutionListener, org.springframework.boot.test.mock.mockito.MockitoTestExecutionListener, org.springframework.boot.test.mock.mockito.ResetMocksTestExecutionListener, org.springframework.test.context.web.ServletTestExecutionListener, org.springframework.test.context.support.DirtiesContextBeforeModesTestExecutionListener, org.springframework.test.context.event.ApplicationEventsTestExecutionListener, org.springframework.test.context.support.DependencyInjectionTestExecutionListener, org.springframework.test.context.support.DirtiesContextTestExecutionListener, org.springframework.test.context.transaction.TransactionalTestExecutionListener, org.springframework.test.context.jdbc.SqlScriptsTestExecutionListener, org.springframework.test.context.event.EventPublishingTestExecutionListener]
11:32:16.835 [Test worker] INFO org.springframework.boot.test.context.SpringBootTestContextBootstrapper - Using TestExecutionListeners: [org.springframework.test.context.web.ServletTestExecutionListener@2fa7ae9, org.springframework.test.context.support.DirtiesContextBeforeModesTestExecutionListener@7577b641, org.springframework.test.context.event.ApplicationEventsTestExecutionListener@3704122f, org.springframework.boot.test.mock.mockito.MockitoTestExecutionListener@3153ddfc, org.springframework.boot.test.autoconfigure.SpringBootDependencyInjectionTestExecutionListener@60afd40d, org.springframework.test.context.support.DirtiesContextTestExecutionListener@28a2a3e7, org.springframework.test.context.transaction.TransactionalTestExecutionListener@3f2049b6, org.springframework.test.context.jdbc.SqlScriptsTestExecutionListener@10b3df93, org.springframework.test.context.event.EventPublishingTestExecutionListener@ea27e34, org.springframework.boot.test.autoconfigure.restdocs.RestDocsTestExecutionListener@33a2499c, org.springframework.boot.test.autoconfigure.web.client.MockRestServiceServerResetTestExecutionListener@e72dba7, org.springframework.boot.test.autoconfigure.web.servlet.MockMvcPrintOnlyOnFailureTestExecutionListener@33c2bd, org.springframework.boot.test.autoconfigure.web.servlet.WebDriverTestExecutionListener@1dfd5f51, org.springframework.boot.test.autoconfigure.webservices.client.MockWebServiceServerTestExecutionListener@3c321bdb, org.springframework.boot.test.mock.mockito.ResetMocksTestExecutionListener@24855019]
11:32:16.837 [Test worker] DEBUG org.springframework.test.context.support.AbstractDirtiesContextTestExecutionListener - Before test class: context [DefaultTestContext@1cefc4b3 testClass = MovieApiApplicationTests, testInstance = [null], testMethod = [null], testException = [null], mergedContextConfiguration = [WebMergedContextConfiguration@2b27cc70 testClass = MovieApiApplicationTests, locations = '{}', classes = '{class com.encora.movieapi.MovieApiApplication}', contextInitializerClasses = '[]', activeProfiles = '{}', propertySourceLocations = '{}', propertySourceProperties = '{org.springframework.boot.test.context.SpringBootTestContextBootstrapper=true}', contextCustomizers = set[org.springframework.boot.test.autoconfigure.actuate.metrics.MetricsExportContextCustomizerFactory$DisableMetricExportContextCustomizer@30bcf3c1, org.springframework.boot.test.autoconfigure.properties.PropertyMappingContextCustomizer@0, org.springframework.boot.test.autoconfigure.web.servlet.WebDriverContextCustomizerFactory$Customizer@22b53226, org.springframework.boot.test.context.filter.ExcludeFilterContextCustomizer@ea9b7c6, org.springframework.boot.test.json.DuplicateJsonObjectContextCustomizerFactory$DuplicateJsonObjectContextCustomizer@a8e6492, org.springframework.boot.test.mock.mockito.MockitoContextCustomizer@0, org.springframework.boot.test.web.client.TestRestTemplateContextCustomizer@5b07730f, org.springframework.boot.test.context.SpringBootTestArgs@1, org.springframework.boot.test.context.SpringBootTestWebEnvironment@6950ed69], resourceBasePath = 'src/main/webapp', contextLoader = 'org.springframework.boot.test.context.SpringBootContextLoader', parent = [null]], attributes = map['org.springframework.test.context.web.ServletTestExecutionListener.activateListener' -> true]], class annotated with @DirtiesContext [false] with mode [null].

  .   ____          _            __ _ _
 /\\ / ___'_ __ _ _(_)_ __  __ _ \ \ \ \
( ( )\___ | '_ | '_| | '_ \/ _` | \ \ \ \
 \\/  ___)| |_)| | | | | || (_| |  ) ) ) )
  '  |____| .__|_| |_|_| |_\__, | / / / /
 =========|_|==============|___/=/_/_/_/
 :: Spring Boot ::                (v2.7.6)

2022-12-16 11:32:17.102  INFO 17956 --- [    Test worker] c.e.movieapi.MovieApiApplicationTests    : Starting MovieApiApplicationTests using Java 11.0.15 on LAPTOP-J2QPBRTP with PID 17956 (started by luism in C:\Users\luism\OneDrive\Documentos\GitHub\POO-Cultists\MovieAPI)
2022-12-16 11:32:17.103  INFO 17956 --- [    Test worker] c.e.movieapi.MovieApiApplicationTests    : No active profile set, falling back to 1 default profile: "default"
2022-12-16 11:32:17.591  INFO 17956 --- [    Test worker] .s.d.r.c.RepositoryConfigurationDelegate : Bootstrapping Spring Data JPA repositories in DEFAULT mode.
2022-12-16 11:32:17.640  INFO 17956 --- [    Test worker] .s.d.r.c.RepositoryConfigurationDelegate : Finished Spring Data repository scanning in 41 ms. Found 3 JPA repository interfaces.
2022-12-16 11:32:18.169  INFO 17956 --- [    Test worker] o.hibernate.jpa.internal.util.LogHelper  : HHH000204: Processing PersistenceUnitInfo [name: default]
2022-12-16 11:32:18.217  INFO 17956 --- [    Test worker] org.hibernate.Version                    : HHH000412: Hibernate ORM core version 5.6.14.Final
2022-12-16 11:32:18.364  INFO 17956 --- [    Test worker] o.hibernate.annotations.common.Version   : HCANN000001: Hibernate Commons Annotations {5.1.2.Final}
2022-12-16 11:32:18.461  INFO 17956 --- [    Test worker] com.zaxxer.hikari.HikariDataSource       : HikariPool-1 - Starting...
2022-12-16 11:32:21.187  INFO 17956 --- [    Test worker] com.zaxxer.hikari.HikariDataSource       : HikariPool-1 - Start completed.
2022-12-16 11:32:21.213  INFO 17956 --- [    Test worker] org.hibernate.dialect.Dialect            : HHH000400: Using dialect: org.hibernate.dialect.SQLServer2012Dialect
2022-12-16 11:32:23.310  INFO 17956 --- [    Test worker] o.h.e.t.j.p.i.JtaPlatformInitiator       : HHH000490: Using JtaPlatform implementation: [org.hibernate.engine.transaction.jta.platform.internal.NoJtaPlatform]
2022-12-16 11:32:23.317  INFO 17956 --- [    Test worker] j.LocalContainerEntityManagerFactoryBean : Initialized JPA EntityManagerFactory for persistence unit 'default'
2022-12-16 11:32:24.066  WARN 17956 --- [    Test worker] JpaBaseConfiguration$JpaWebConfiguration : spring.jpa.open-in-view is enabled by default. Therefore, database queries may be performed during view rendering. Explicitly configure spring.jpa.open-in-view to disable this warning
2022-12-16 11:32:24.799  INFO 17956 --- [    Test worker] c.e.movieapi.MovieApiApplicationTests    : Started MovieApiApplicationTests in 7.933 seconds (JVM running for 9.022)
]]></system-out>
  <system-err><![CDATA[]]></system-err>
</testsuite>
